Warning: Failed writing log files to directory [/var/log/nvidia-mps]. No logs will be available.
/home/srayan/miniconda3/envs/genIP/lib/python3.6/site-packages/tensorflow/python/framework/dtypes.py:517: FutureWarning: Passing (type, 1) or '1type' as a synonym of type is deprecated; in a future version of numpy, it will be understood as (type, (1,)) / '(1,)type'.
  _np_qint8 = np.dtype([("qint8", np.int8, 1)])
/home/srayan/miniconda3/envs/genIP/lib/python3.6/site-packages/tensorflow/python/framework/dtypes.py:518: FutureWarning: Passing (type, 1) or '1type' as a synonym of type is deprecated; in a future version of numpy, it will be understood as (type, (1,)) / '(1,)type'.
  _np_quint8 = np.dtype([("quint8", np.uint8, 1)])
/home/srayan/miniconda3/envs/genIP/lib/python3.6/site-packages/tensorflow/python/framework/dtypes.py:519: FutureWarning: Passing (type, 1) or '1type' as a synonym of type is deprecated; in a future version of numpy, it will be understood as (type, (1,)) / '(1,)type'.
  _np_qint16 = np.dtype([("qint16", np.int16, 1)])
/home/srayan/miniconda3/envs/genIP/lib/python3.6/site-packages/tensorflow/python/framework/dtypes.py:520: FutureWarning: Passing (type, 1) or '1type' as a synonym of type is deprecated; in a future version of numpy, it will be understood as (type, (1,)) / '(1,)type'.
  _np_quint16 = np.dtype([("quint16", np.uint16, 1)])
/home/srayan/miniconda3/envs/genIP/lib/python3.6/site-packages/tensorflow/python/framework/dtypes.py:521: FutureWarning: Passing (type, 1) or '1type' as a synonym of type is deprecated; in a future version of numpy, it will be understood as (type, (1,)) / '(1,)type'.
  _np_qint32 = np.dtype([("qint32", np.int32, 1)])
/home/srayan/miniconda3/envs/genIP/lib/python3.6/site-packages/tensorflow/python/framework/dtypes.py:526: FutureWarning: Passing (type, 1) or '1type' as a synonym of type is deprecated; in a future version of numpy, it will be understood as (type, (1,)) / '(1,)type'.
  np_resource = np.dtype([("resource", np.ubyte, 1)])
Traceback (most recent call last):
  File "train.py", line 5, in <module>
    import neuralgym as ng
  File "/home/srayan/miniconda3/envs/genIP/lib/python3.6/site-packages/neuralgym/__init__.py", line 27, in <module>
    from . import callbacks
  File "/home/srayan/miniconda3/envs/genIP/lib/python3.6/site-packages/neuralgym/callbacks/__init__.py", line 3, in <module>
    from .hyper_param_scheduler import HyperParamScheduler
  File "/home/srayan/miniconda3/envs/genIP/lib/python3.6/site-packages/neuralgym/callbacks/hyper_param_scheduler.py", line 6, in <module>
    from ..ops.summary_ops import scalar_summary
  File "/home/srayan/miniconda3/envs/genIP/lib/python3.6/site-packages/neuralgym/ops/__init__.py", line 3, in <module>
    from . import image_ops
  File "/home/srayan/miniconda3/envs/genIP/lib/python3.6/site-packages/neuralgym/ops/image_ops.py", line 5, in <module>
    import cv2
ModuleNotFoundError: No module named 'cv2'
